{"level":"INFO","message":"[8:01:58.970 PM]: Trying to initialize Easy Logging"}
{"level":"INFO","message":"[8:01:58.986 PM]: No client config file found in default directories"}
{"level":"INFO","message":"[8:01:58.986 PM]: Easy Logging is disabled as no config has been found"}
{"level":"INFO","message":"[8:03:22.763 PM]: Trying to initialize Easy Logging"}
{"level":"INFO","message":"[8:03:22.777 PM]: No client config file found in default directories"}
{"level":"INFO","message":"[8:03:22.778 PM]: Easy Logging is disabled as no config has been found"}
{"level":"INFO","message":"[8:04:00.768 PM]: Trying to initialize Easy Logging"}
{"level":"INFO","message":"[8:04:00.783 PM]: No client config file found in default directories"}
{"level":"INFO","message":"[8:04:00.783 PM]: Easy Logging is disabled as no config has been found"}
{"level":"INFO","message":"[8:04:59.888 PM]: Trying to initialize Easy Logging"}
{"level":"INFO","message":"[8:04:59.902 PM]: No client config file found in default directories"}
{"level":"INFO","message":"[8:04:59.903 PM]: Easy Logging is disabled as no config has been found"}
{"level":"INFO","message":"[8:06:07.528 PM]: Trying to initialize Easy Logging"}
{"level":"INFO","message":"[8:06:07.543 PM]: No client config file found in default directories"}
{"level":"INFO","message":"[8:06:07.543 PM]: Easy Logging is disabled as no config has been found"}
{"level":"INFO","message":"[8:16:59.975 PM]: Trying to initialize Easy Logging"}
{"level":"INFO","message":"[8:16:59.992 PM]: No client config file found in default directories"}
{"level":"INFO","message":"[8:16:59.992 PM]: Easy Logging is disabled as no config has been found"}
{"level":"INFO","message":"[8:18:08.630 PM]: Trying to initialize Easy Logging"}
{"level":"INFO","message":"[8:18:08.645 PM]: No client config file found in default directories"}
{"level":"INFO","message":"[8:18:08.646 PM]: Easy Logging is disabled as no config has been found"}
{"level":"INFO","message":"[8:20:16.812 PM]: Trying to initialize Easy Logging"}
{"level":"INFO","message":"[8:20:16.828 PM]: No client config file found in default directories"}
{"level":"INFO","message":"[8:20:16.829 PM]: Easy Logging is disabled as no config has been found"}
{"level":"INFO","message":"[8:26:24.669 PM]: Trying to initialize Easy Logging"}
{"level":"INFO","message":"[8:26:24.686 PM]: No client config file found in default directories"}
{"level":"INFO","message":"[8:26:24.686 PM]: Easy Logging is disabled as no config has been found"}
{"level":"INFO","message":"[8:29:39.885 PM]: Trying to initialize Easy Logging"}
{"level":"INFO","message":"[8:29:39.913 PM]: No client config file found in default directories"}
{"level":"INFO","message":"[8:29:39.915 PM]: Easy Logging is disabled as no config has been found"}
{"level":"INFO","message":"[8:36:32.136 PM]: Trying to initialize Easy Logging"}
{"level":"INFO","message":"[8:36:32.162 PM]: No client config file found in default directories"}
{"level":"INFO","message":"[8:36:32.163 PM]: Easy Logging is disabled as no config has been found"}
{"level":"INFO","message":"[8:42:19.469 PM]: Trying to initialize Easy Logging"}
{"level":"INFO","message":"[8:42:19.497 PM]: No client config file found in default directories"}
{"level":"INFO","message":"[8:42:19.499 PM]: Easy Logging is disabled as no config has been found"}
{"level":"INFO","message":"[8:43:55.794 PM]: Trying to initialize Easy Logging"}
{"level":"INFO","message":"[8:43:55.837 PM]: No client config file found in default directories"}
{"level":"INFO","message":"[8:43:55.838 PM]: Easy Logging is disabled as no config has been found"}
{"level":"INFO","message":"[8:48:21.629 PM]: Trying to initialize Easy Logging"}
{"level":"INFO","message":"[8:48:21.654 PM]: No client config file found in default directories"}
{"level":"INFO","message":"[8:48:21.655 PM]: Easy Logging is disabled as no config has been found"}
{"level":"INFO","message":"[8:57:58.818 PM]: Trying to initialize Easy Logging"}
{"level":"INFO","message":"[8:57:58.838 PM]: No client config file found in default directories"}
{"level":"INFO","message":"[8:57:58.838 PM]: Easy Logging is disabled as no config has been found"}
{"level":"INFO","message":"[9:01:21.376 PM]: Trying to initialize Easy Logging"}
{"level":"INFO","message":"[9:01:21.388 PM]: No client config file found in default directories"}
{"level":"INFO","message":"[9:01:21.389 PM]: Easy Logging is disabled as no config has been found"}
{"level":"INFO","message":"[9:06:30.645 PM]: Trying to initialize Easy Logging"}
{"level":"INFO","message":"[9:06:30.657 PM]: No client config file found in default directories"}
{"level":"INFO","message":"[9:06:30.658 PM]: Easy Logging is disabled as no config has been found"}
{"level":"INFO","message":"[9:08:33.330 PM]: Trying to initialize Easy Logging"}
{"level":"INFO","message":"[9:08:33.342 PM]: No client config file found in default directories"}
{"level":"INFO","message":"[9:08:33.342 PM]: Easy Logging is disabled as no config has been found"}
{"level":"INFO","message":"[9:09:42.344 PM]: Trying to initialize Easy Logging"}
{"level":"INFO","message":"[9:09:42.356 PM]: No client config file found in default directories"}
{"level":"INFO","message":"[9:09:42.356 PM]: Easy Logging is disabled as no config has been found"}
{"level":"INFO","message":"[9:10:56.938 PM]: Trying to initialize Easy Logging"}
{"level":"INFO","message":"[9:10:56.949 PM]: No client config file found in default directories"}
{"level":"INFO","message":"[9:10:56.950 PM]: Easy Logging is disabled as no config has been found"}
{"level":"INFO","message":"[9:12:19.992 PM]: Trying to initialize Easy Logging"}
{"level":"INFO","message":"[9:12:20.004 PM]: No client config file found in default directories"}
{"level":"INFO","message":"[9:12:20.005 PM]: Easy Logging is disabled as no config has been found"}
{"level":"INFO","message":"[9:13:02.463 PM]: Trying to initialize Easy Logging"}
{"level":"INFO","message":"[9:13:02.475 PM]: No client config file found in default directories"}
{"level":"INFO","message":"[9:13:02.476 PM]: Easy Logging is disabled as no config has been found"}
{"level":"INFO","message":"[9:14:39.754 PM]: Trying to initialize Easy Logging"}
{"level":"INFO","message":"[9:14:39.767 PM]: No client config file found in default directories"}
{"level":"INFO","message":"[9:14:39.767 PM]: Easy Logging is disabled as no config has been found"}
{"level":"INFO","message":"[9:16:02.234 PM]: Trying to initialize Easy Logging"}
{"level":"INFO","message":"[9:16:02.246 PM]: No client config file found in default directories"}
{"level":"INFO","message":"[9:16:02.247 PM]: Easy Logging is disabled as no config has been found"}
{"level":"INFO","message":"[9:17:09.822 PM]: Trying to initialize Easy Logging"}
{"level":"INFO","message":"[9:17:09.834 PM]: No client config file found in default directories"}
{"level":"INFO","message":"[9:17:09.834 PM]: Easy Logging is disabled as no config has been found"}
{"level":"INFO","message":"[9:18:23.074 PM]: Trying to initialize Easy Logging"}
{"level":"INFO","message":"[9:18:23.086 PM]: No client config file found in default directories"}
{"level":"INFO","message":"[9:18:23.087 PM]: Easy Logging is disabled as no config has been found"}
{"level":"INFO","message":"[9:21:50.509 PM]: Trying to initialize Easy Logging"}
{"level":"INFO","message":"[9:21:50.520 PM]: No client config file found in default directories"}
{"level":"INFO","message":"[9:21:50.521 PM]: Easy Logging is disabled as no config has been found"}
{"level":"INFO","message":"[9:24:06.018 PM]: Trying to initialize Easy Logging"}
{"level":"INFO","message":"[9:24:06.031 PM]: No client config file found in default directories"}
{"level":"INFO","message":"[9:24:06.032 PM]: Easy Logging is disabled as no config has been found"}
{"level":"INFO","message":"[9:26:04.911 PM]: Trying to initialize Easy Logging"}
{"level":"INFO","message":"[9:26:04.923 PM]: No client config file found in default directories"}
{"level":"INFO","message":"[9:26:04.923 PM]: Easy Logging is disabled as no config has been found"}
{"level":"INFO","message":"[9:28:39.971 PM]: Trying to initialize Easy Logging"}
{"level":"INFO","message":"[9:28:39.983 PM]: No client config file found in default directories"}
{"level":"INFO","message":"[9:28:39.983 PM]: Easy Logging is disabled as no config has been found"}
{"level":"INFO","message":"[9:33:12.008 PM]: Trying to initialize Easy Logging"}
{"level":"INFO","message":"[9:33:12.020 PM]: No client config file found in default directories"}
{"level":"INFO","message":"[9:33:12.020 PM]: Easy Logging is disabled as no config has been found"}
{"level":"INFO","message":"[9:34:26.205 PM]: Trying to initialize Easy Logging"}
{"level":"INFO","message":"[9:34:26.219 PM]: No client config file found in default directories"}
{"level":"INFO","message":"[9:34:26.220 PM]: Easy Logging is disabled as no config has been found"}
{"level":"INFO","message":"[9:35:37.138 PM]: Trying to initialize Easy Logging"}
{"level":"INFO","message":"[9:35:37.150 PM]: No client config file found in default directories"}
{"level":"INFO","message":"[9:35:37.151 PM]: Easy Logging is disabled as no config has been found"}
{"level":"INFO","message":"[9:37:42.589 PM]: Trying to initialize Easy Logging"}
{"level":"INFO","message":"[9:37:42.600 PM]: No client config file found in default directories"}
{"level":"INFO","message":"[9:37:42.601 PM]: Easy Logging is disabled as no config has been found"}
{"level":"INFO","message":"[9:38:18.654 PM]: Trying to initialize Easy Logging"}
{"level":"INFO","message":"[9:38:18.667 PM]: No client config file found in default directories"}
{"level":"INFO","message":"[9:38:18.667 PM]: Easy Logging is disabled as no config has been found"}
{"level":"INFO","message":"[9:39:31.794 PM]: Trying to initialize Easy Logging"}
{"level":"INFO","message":"[9:39:31.806 PM]: No client config file found in default directories"}
{"level":"INFO","message":"[9:39:31.807 PM]: Easy Logging is disabled as no config has been found"}
{"level":"INFO","message":"[9:40:49.163 PM]: Trying to initialize Easy Logging"}
{"level":"INFO","message":"[9:40:49.175 PM]: No client config file found in default directories"}
{"level":"INFO","message":"[9:40:49.175 PM]: Easy Logging is disabled as no config has been found"}
{"level":"INFO","message":"[9:41:59.270 PM]: Trying to initialize Easy Logging"}
{"level":"INFO","message":"[9:41:59.286 PM]: No client config file found in default directories"}
{"level":"INFO","message":"[9:41:59.287 PM]: Easy Logging is disabled as no config has been found"}
{"level":"INFO","message":"[9:43:02.617 PM]: Trying to initialize Easy Logging"}
{"level":"INFO","message":"[9:43:02.632 PM]: No client config file found in default directories"}
{"level":"INFO","message":"[9:43:02.633 PM]: Easy Logging is disabled as no config has been found"}
{"level":"INFO","message":"[9:45:13.323 PM]: Trying to initialize Easy Logging"}
{"level":"INFO","message":"[9:45:13.339 PM]: No client config file found in default directories"}
{"level":"INFO","message":"[9:45:13.339 PM]: Easy Logging is disabled as no config has been found"}
{"level":"INFO","message":"[10:41:04.607 PM]: Trying to initialize Easy Logging"}
{"level":"INFO","message":"[10:41:04.622 PM]: No client config file found in default directories"}
{"level":"INFO","message":"[10:41:04.623 PM]: Easy Logging is disabled as no config has been found"}
{"level":"INFO","message":"[10:45:47.358 PM]: Trying to initialize Easy Logging"}
{"level":"INFO","message":"[10:45:47.370 PM]: No client config file found in default directories"}
{"level":"INFO","message":"[10:45:47.371 PM]: Easy Logging is disabled as no config has been found"}
{"level":"INFO","message":"[10:47:34.742 PM]: Trying to initialize Easy Logging"}
{"level":"INFO","message":"[10:47:34.753 PM]: No client config file found in default directories"}
{"level":"INFO","message":"[10:47:34.754 PM]: Easy Logging is disabled as no config has been found"}
{"level":"INFO","message":"[10:50:54.458 AM]: Trying to initialize Easy Logging"}
{"level":"INFO","message":"[10:50:54.485 AM]: No client config file found in default directories"}
{"level":"INFO","message":"[10:50:54.485 AM]: Easy Logging is disabled as no config has been found"}
{"level":"INFO","message":"[2:45:31.865 PM]: Trying to initialize Easy Logging"}
{"level":"INFO","message":"[2:45:31.882 PM]: No client config file found in default directories"}
{"level":"INFO","message":"[2:45:31.883 PM]: Easy Logging is disabled as no config has been found"}
{"level":"INFO","message":"[6:37:34.023 PM]: Trying to initialize Easy Logging"}
{"level":"INFO","message":"[6:37:34.044 PM]: No client config file found in default directories"}
{"level":"INFO","message":"[6:37:34.044 PM]: Easy Logging is disabled as no config has been found"}
{"level":"INFO","message":"[10:45:57.631 PM]: Trying to initialize Easy Logging"}
{"level":"INFO","message":"[10:45:57.661 PM]: No client config file found in default directories"}
{"level":"INFO","message":"[10:45:57.662 PM]: Easy Logging is disabled as no config has been found"}
{"level":"INFO","message":"[11:37:11.176 PM]: Trying to initialize Easy Logging"}
{"level":"INFO","message":"[11:37:11.193 PM]: No client config file found in default directories"}
{"level":"INFO","message":"[11:37:11.193 PM]: Easy Logging is disabled as no config has been found"}
